<?xml version="1.0" encoding="UTF-8"?>
<!-- Generated by org.testng.reporters.JUnitReportReporter -->
<testsuite skipped="0" hostname="DESKTOP-KKIOJ2D" name="com.tictoc.testcases.VerifySavingsTestNG" tests="1" failures="0" timestamp="2021-02-17T20:03:47 ACDT" time="27.899" errors="0">
  <testcase name="VerifyRefiSavings" time="27.899" classname="com.tictoc.testcases.VerifySavingsTestNG"/>
  <system-out/>
</testsuite> <!-- com.tictoc.testcases.VerifySavingsTestNG -->
