<?xml version="1.0" encoding="UTF-8"?>
<!-- Generated by org.testng.reporters.JUnitReportReporter -->
<testsuite skipped="0" hostname="DESKTOP-KKIOJ2D" name="com.tictoc.testcases.ExtscreenshotDemo" tests="1" failures="0" timestamp="2021-02-14T19:46:15 ACDT" time="15.391" errors="0">
  <testcase name="ExtentReportDemo" time="15.391" classname="com.tictoc.testcases.ExtscreenshotDemo"/>
  <system-out/>
</testsuite> <!-- com.tictoc.testcases.ExtscreenshotDemo -->
