<?xml version="1.0" encoding="UTF-8"?>
<!-- Generated by org.testng.reporters.JUnitReportReporter -->
<testsuite skipped="0" hostname="DESKTOP-KKIOJ2D" name="firstpackage.ReadDataDemo2" tests="4" failures="0" timestamp="2021-02-17T18:26:28 ACDT" time="0.008" errors="0">
  <testcase name="readData" time="0.001" classname="firstpackage.ReadDataDemo2"/>
  <system-out/>
  <testcase name="readData" time="0.001" classname="firstpackage.ReadDataDemo2"/>
  <system-out/>
  <testcase name="readData" time="0.005" classname="firstpackage.ReadDataDemo2"/>
  <system-out/>
  <testcase name="readData" time="0.001" classname="firstpackage.ReadDataDemo2"/>
  <system-out/>
</testsuite> <!-- firstpackage.ReadDataDemo2 -->
