<?xml version="1.0" encoding="UTF-8"?>
<!-- Generated by org.testng.reporters.JUnitReportReporter -->
<testsuite skipped="0" hostname="DESKTOP-KKIOJ2D" name="com.tictoc.testcases.VerifySavingsDDT" tests="2" failures="0" timestamp="2021-02-20T11:23:17 ACDT" time="33.890" errors="0">
  <testcase name="VerifyRefiSavings" time="16.880" classname="com.tictoc.testcases.VerifySavingsDDT"/>
  <system-out/>
  <testcase name="VerifyRefiSavings" time="17.010" classname="com.tictoc.testcases.VerifySavingsDDT"/>
  <system-out/>
</testsuite> <!-- com.tictoc.testcases.VerifySavingsDDT -->
