<?xml version="1.0" encoding="UTF-8"?>
<!-- Generated by org.testng.reporters.JUnitReportReporter -->
<testsuite skipped="0" hostname="DESKTOP-KKIOJ2D" name="com.tictoc.testcases.VerifySavingsDDT" tests="1" failures="0" timestamp="2021-02-20T00:06:32 ACDT" time="17.129" errors="0">
  <testcase name="VerifyRefiSavings" time="17.129" classname="com.tictoc.testcases.VerifySavingsDDT"/>
  <system-out/>
</testsuite> <!-- com.tictoc.testcases.VerifySavingsDDT -->
