<?xml version="1.0" encoding="UTF-8"?>
<!-- Generated by org.testng.reporters.JUnitReportReporter -->
<testsuite skipped="0" hostname="DESKTOP-KKIOJ2D" name="com.tictoc.testcases.VerifySavingsDDT" tests="1" failures="0" timestamp="2021-02-18T23:04:58 ACDT" time="46.534" errors="0">
  <testcase name="VerifyRefiSavings" time="46.534" classname="com.tictoc.testcases.VerifySavingsDDT"/>
  <system-out/>
</testsuite> <!-- com.tictoc.testcases.VerifySavingsDDT -->
